<?xml version="1.0" encoding="UTF-8"?>
<!-- Generated by org.testng.reporters.JUnitXMLReporter -->
<testsuite ignored="0" hostname="Admins-MacBook-Pro.local" failures="0" tests="7" name="Default test" time="13.287" errors="0" timestamp="2022-08-17T00:49:04 PKT">
  <testcase classname="TestScenarios.TestMethodsForVatCalculator" name="verifyTitle" time="0.011"/>
  <testcase classname="TestScenarios.TestMethodsForVatCalculator" name="calculatorComponentDisplayed" time="0.043"/>
  <testcase classname="TestScenarios.TestMethodsForVatCalculator" name="validationCase1" time="1.047"/>
  <testcase classname="TestScenarios.TestMethodsForVatCalculator" name="validationCase2" time="1.164"/>
  <testcase classname="TestScenarios.TestMethodsForVatCalculator" name="validationWithZeroInput" time="0.984"/>
  <testcase classname="TestScenarios.TestMethodsForVatCalculator" name="validateResultCase1" time="2.622"/>
  <testcase classname="TestScenarios.TestMethodsForVatCalculator" name="validateResultCase3" time="1.967"/>
</testsuite> <!-- Default test -->
