<?xml version="1.0" encoding="UTF-8"?>
<testng-results ignored="0" total="7" passed="7" failed="0" skipped="0">
  <reporter-output>
  </reporter-output>
  <suite started-at="2022-08-17T00:48:51 PKT" name="Default suite" finished-at="2022-08-17T00:49:04 PKT" duration-ms="13287">
    <groups>
    </groups>
    <test started-at="2022-08-17T00:48:51 PKT" name="Default test" finished-at="2022-08-17T00:49:04 PKT" duration-ms="13287">
      <class name="TestScenarios.TestMethodsForVatCalculator">
        <test-method is-config="true" signature="beforeTest()[pri:0, instance:TestScenarios.TestMethodsForVatCalculator@c267ef4]" started-at="2022-08-17T00:48:51 PKT" name="beforeTest" finished-at="2022-08-17T00:48:56 PKT" duration-ms="5247" status="PASS">
          <reporter-output>
          </reporter-output>
        </test-method> <!-- beforeTest -->
        <test-method signature="verifyTitle()[pri:0, instance:TestScenarios.TestMethodsForVatCalculator@c267ef4]" started-at="2022-08-17T00:48:56 PKT" name="verifyTitle" finished-at="2022-08-17T00:48:56 PKT" duration-ms="11" status="PASS">
          <reporter-output>
          </reporter-output>
        </test-method> <!-- verifyTitle -->
        <test-method signature="calculatorComponentDisplayed()[pri:1, instance:TestScenarios.TestMethodsForVatCalculator@c267ef4]" started-at="2022-08-17T00:48:56 PKT" name="calculatorComponentDisplayed" finished-at="2022-08-17T00:48:56 PKT" duration-ms="43" status="PASS">
          <reporter-output>
          </reporter-output>
        </test-method> <!-- calculatorComponentDisplayed -->
        <test-method signature="validationCase1()[pri:2, instance:TestScenarios.TestMethodsForVatCalculator@c267ef4]" started-at="2022-08-17T00:48:56 PKT" name="validationCase1" finished-at="2022-08-17T00:48:57 PKT" duration-ms="1047" status="PASS">
          <reporter-output>
          </reporter-output>
        </test-method> <!-- validationCase1 -->
        <test-method signature="validationCase2()[pri:3, instance:TestScenarios.TestMethodsForVatCalculator@c267ef4]" started-at="2022-08-17T00:48:57 PKT" name="validationCase2" finished-at="2022-08-17T00:48:58 PKT" duration-ms="1164" status="PASS">
          <reporter-output>
          </reporter-output>
        </test-method> <!-- validationCase2 -->
        <test-method signature="validationWithZeroInput()[pri:4, instance:TestScenarios.TestMethodsForVatCalculator@c267ef4]" started-at="2022-08-17T00:48:58 PKT" name="validationWithZeroInput" finished-at="2022-08-17T00:48:59 PKT" duration-ms="984" status="PASS">
          <reporter-output>
          </reporter-output>
        </test-method> <!-- validationWithZeroInput -->
        <test-method signature="validateResultCase1()[pri:5, instance:TestScenarios.TestMethodsForVatCalculator@c267ef4]" started-at="2022-08-17T00:48:59 PKT" name="validateResultCase1" finished-at="2022-08-17T00:49:02 PKT" duration-ms="2622" status="PASS">
          <reporter-output>
          </reporter-output>
        </test-method> <!-- validateResultCase1 -->
        <test-method signature="validateResultCase3()[pri:6, instance:TestScenarios.TestMethodsForVatCalculator@c267ef4]" started-at="2022-08-17T00:49:02 PKT" name="validateResultCase3" finished-at="2022-08-17T00:49:04 PKT" duration-ms="1967" status="PASS">
          <reporter-output>
          </reporter-output>
        </test-method> <!-- validateResultCase3 -->
        <test-method is-config="true" signature="afterTest()[pri:0, instance:TestScenarios.TestMethodsForVatCalculator@c267ef4]" started-at="2022-08-17T00:49:04 PKT" name="afterTest" finished-at="2022-08-17T00:49:04 PKT" duration-ms="172" status="PASS">
          <reporter-output>
          </reporter-output>
        </test-method> <!-- afterTest -->
      </class> <!-- TestScenarios.TestMethodsForVatCalculator -->
    </test> <!-- Default test -->
  </suite> <!-- Default suite -->
</testng-results>
